make all --print-data-base --no-builtin-variables --no-builtin-rules --question
# GNU Make 4.3
# Built for x86_64-pc-linux-gnu
# Copyright (C) 1988-2020 Free Software Foundation, Inc.
# License GPLv3+: GNU GPL version 3 or later <http://gnu.org/licenses/gpl.html>
# This is free software: you are free to change and redistribute it.
# There is NO WARRANTY, to the extent permitted by law.

# Make data base, printed on Wed Mar  9 11:48:28 2022

# Variables

# environment
GDK_BACKEND = x11
# environment
LC_ALL = C
# environment
SNAP_INSTANCE_KEY = 
# makefile (from 'Makefile', line 11)
OBJC = $(N64_INST)/mips64-elf-objcopy
# environment
VSCODE_IPC_HOOK_EXTHOST = /run/user/1000/vscode-ipc-ce150b97-a876-46cc-b76f-38e54f6067f6.sock
# environment
MANDATORY_PATH = /usr/share/gconf/xubuntu.mandatory.path
# makefile (from 'Makefile', line 5)
ROM_NAME = c_rom
# makefile (from 'Makefile', line 35)
N64TOOL_ARGS = -s 1M sky.sprite
# environment
VSCODE_CWD = /home/spencer
# makefile (from 'Makefile', line 17)
LIBS = -lc -lm -lgcc
# environment
GDM_LANG = en_US
# default
MAKE_COMMAND := make
# environment
QT_ACCESSIBILITY = 1
# automatic
@D = $(patsubst %/,%,$(dir $@))
# environment
SNAP_INSTANCE_NAME = code
# environment
GDK_PIXBUF_MODULEDIR = /snap/code/90/usr/lib/x86_64-linux-gnu/gdk-pixbuf-2.0/2.10.0/loaders
# environment
VSCODE_HANDLES_UNCAUGHT_ERRORS = true
# default
.VARIABLES := 
# environment
PWD = /home/spencer/Desktop/romfromreverse_c/LibN-N64-SDK
# automatic
%D = $(patsubst %/,%,$(dir $%))
# environment
XDG_DATA_DIRS = /usr/share/xubuntu:/usr/share/xfce4:/usr/local/share:/usr/share:/var/lib/snapd/desktop:/usr/share
# automatic
^D = $(patsubst %/,%,$(dir $^))
# environment
VSCODE_LOG_STACK = false
# automatic
%F = $(notdir $%)
# environment
VSCODE_CODE_CACHE_PATH = /home/spencer/.config/Code/CachedData/8908a9ca0f221f36507231afb39d2d8d1e182702
# environment
XDG_SESSION_PATH = /org/freedesktop/DisplayManager/Session0
# environment
LANG = C
# environment
XAUTHORITY = /home/spencer/.Xauthority
# default
.LOADED := 
# default
.INCLUDE_DIRS = /usr/local/include /usr/include /usr/include
# makefile
MAKEFLAGS = pqrR
# makefile
CURDIR := /home/spencer/Desktop/romfromreverse_c/LibN-N64-SDK
# environment
VSCODE_PIPE_LOGGING = true
# environment
APPLICATION_INSIGHTS_NO_DIAGNOSTIC_CHANNEL = 1
# environment
LESSOPEN = | /usr/bin/lesspipe %s
# automatic
*D = $(patsubst %/,%,$(dir $*))
# environment
MFLAGS = -pqrR
# environment
SSH_AUTH_SOCK = /run/user/1000/keyring/ssh
# default
.SHELLFLAGS := -c
# environment
XDG_CONFIG_DIRS = /etc/xdg/xdg-xubuntu:/etc/xdg:/etc/xdg
# automatic
+D = $(patsubst %/,%,$(dir $+))
# environment
XDG_SESSION_DESKTOP = xubuntu
# makefile (from 'Makefile', line 1)
MAKEFILE_LIST := Makefile
# environment
SNAP_REEXEC = 
# automatic
@F = $(notdir $@)
# environment
VSCODE_VERBOSE_LOGGING = true
# makefile (from 'Makefile', line 6)
ROM_SIZE = 2M
# environment
VSCODE_PID = 2025
# environment
XDG_SESSION_TYPE = x11
# automatic
?D = $(patsubst %/,%,$(dir $?))
# environment
CLUTTER_BACKEND = x11
# environment
BAMF_DESKTOP_FILE_HINT = /var/lib/snapd/desktop/applications/code_code.desktop
# makefile (from 'Makefile', line 34)
BCXX = $(CXX) -c $(CXXFLAGS) $< -o $@
# environment
SESSION_MANAGER = local/spencer-B450M-DS3H:@/tmp/.ICE-unix/1225,unix/spencer-B450M-DS3H:/tmp/.ICE-unix/1225
# automatic
*F = $(notdir $*)
# environment
QT_QPA_PLATFORMTHEME = gtk2
# environment
CHROME_DESKTOP = code-url-handler.desktop
# environment
DBUS_SESSION_BUS_ADDRESS = unix:path=/run/user/1000/bus
# automatic
<D = $(patsubst %/,%,$(dir $<))
# environment
VSCODE_NLS_CONFIG = {"locale":"en-us","availableLanguages":{},"_languagePackSupport":true}
# default
MAKE_HOST := x86_64-pc-linux-gnu
# makefile
SHELL = /bin/sh
# default
MAKECMDGOALS := all
# environment
SHLVL = 0
# environment
MAKELEVEL := 0
# default
MAKE = $(MAKE_COMMAND)
# environment
SNAP_COOKIE = 8iVusK_UudP7suPRQenBwEFbwKUcsEIeVW6bJy6AEF4pkr2K0EbD
# environment
PATH = /home/spencer/.local/bin:/home/spencer/.local/bin:/usr/local/sbin:/usr/local/bin:/usr/sbin:/usr/bin:/sbin:/bin:/usr/games:/usr/local/games:/snap/bin
# default
MAKEFILES := 
# environment
LANGUAGE = en_US
# automatic
^F = $(notdir $^)
# makefile (from 'Makefile', line 13)
N64_TOOL = $(TOOLS)/n64tool
# environment
SNAP_USER_COMMON = /home/spencer/snap/code/common
# environment
SNAP = /snap/code/90
# makefile (from 'Makefile', line 16)
INCS = -I/usr/local/mips64-elf/include -Iinclude/
# environment
SNAP_REVISION = 90
# environment
SNAP_REAL_HOME = /home/spencer
# makefile (from 'Makefile', line 7)
BDIR = build
# environment
VSCODE_LOG_NATIVE = false
# environment
LESSCLOSE = /usr/bin/lesspipe %s %s
# automatic
?F = $(notdir $?)
# environment
XDG_SEAT = seat0
# makefile (from 'Makefile', line 14)
CHKSUM = $(TOOLS)/chksum64
# environment
XDG_CURRENT_DESKTOP = XFCE
# environment
LS_COLORS = 
# automatic
+F = $(notdir $+)
# environment
XDG_SEAT_PATH = /org/freedesktop/DisplayManager/Seat0
# environment
DESKTOP_SESSION = xubuntu
# makefile (from 'Makefile', line 1)
N64_INST = /usr/local/bin
# makefile (from 'Makefile', line 3)
ROM_HEADER = /home/spencer/libdragon/NEW/libdragon/header
# environment
ORIGINAL_XDG_CURRENT_DESKTOP = XFCE
# 'override' directive
GNUMAKEFLAGS := 
# environment
LOGNAME = spencer
# environment
SNAP_ARCH = amd64
# environment
XDG_VTNR = 7
# makefile
.DEFAULT_GOAL := all
# environment
DISPLAY = :0.0
# environment
USER = spencer
# environment
DEFAULTS_PATH = /usr/share/gconf/xubuntu.default.path
# default
MAKE_VERSION := 4.3
# makefile (from 'Makefile', line 22)
SRC_FILES = $(BDIR)/main.o
# environment
DISABLE_WAYLAND = 1
# environment
SNAP_DATA = /var/snap/code/90
# environment
SNAP_CONTEXT = 8iVusK_UudP7suPRQenBwEFbwKUcsEIeVW6bJy6AEF4pkr2K0EbD
# makefile (from 'Makefile', line 33)
BUILD = $(GCC) -c $(CFLAGS) $< -o $@
# makefile (from 'Makefile', line 2)
TOOLS = /home/spencer/libdragon/NEW/libdragon/tools
# environment
_ = /snap/code/90/usr/share/code/code
# environment
XDG_RUNTIME_DIR = /run/user/1000
# makefile (from 'Makefile', line 19)
CFLAGS = -std=c99 -march=vr4300 -mtune=vr4300 $(WRNGS) $(INCS) 
# environment
GPG_AGENT_INFO = /run/user/1000/gnupg/S.gpg-agent:0:1
# makefile (from 'Makefile', line 9)
GCC = $(N64_INST)/mips64-elf-gcc
# environment
GDK_PIXBUF_MODULE_FILE = /home/spencer/snap/code/common/.cache/gdk-pixbuf-loaders.cache
# environment
GTK_OVERLAY_SCROLLING = 0
# environment
XDG_SESSION_CLASS = user
# environment
VSCODE_AMD_ENTRYPOINT = vs/workbench/api/node/extensionHostProcess
# environment
HOME = /home/spencer
# environment
ELECTRON_RUN_AS_NODE = 1
# environment
VSCODE_IPC_HOOK = /run/user/1000/vscode-d53cfd21-1.65.1-main.sock
# environment
SNAP_NAME = code
# environment
GSETTINGS_SCHEMA_DIR = /snap/code/90/usr/share/glib-2.0/schemas
# environment
XDG_SESSION_ID = c1
# environment
PANEL_GDK_CORE_DEVICE_EVENTS = 0
# default
.RECIPEPREFIX := 
# automatic
<F = $(notdir $<)
# makefile (from 'Makefile', line 24)
DEPS = $(SRC_FILES) $(BDIR)/timer.o $(BDIR)/stdlib.o $(BDIR)/pi.o $(BDIR)/sprite.o $(BDIR)/vi.o $(BDIR)/si.o $(BDIR)/mempak.o $(BDIR)/vector.o $(BDIR)/sprite.o $(BDIR)/entry.o $(BDIR)/rdp.o $(BDIR)/interrupt.o $(BDIR)/controller.o 
# environment
SNAP_VERSION = 8908a9ca
# default
SUFFIXES := 
# makefile (from 'Makefile', line 12)
LD = $(N64_INST)/mips64-elf-ld 
# environment
VSCODE_CLI = 1
# environment
ELECTRON_NO_ATTACH_CONSOLE = 1
# environment
SNAP_COMMON = /var/snap/code/common
# makefile (from 'Makefile', line 20)
CXXFLAGS = -std=c++20 -march=vr4300 -mtune=vr4300 $(WRNGS) $(INCS) 
# environment
XDG_GREETER_DATA_DIR = /var/lib/lightdm-data/spencer
# default
 
.FEATURES := target-specific order-only second-expansion else-if shortest-stem undefine oneshell nocomment grouped-target extra-prereqs archives jobserver output-sync check-symlink load
# makefile (from 'Makefile', line 10)
CXX = $(N64_INST)/mips64-elf-g++
# environment
SNAP_USER_DATA = /home/spencer/snap/code/90
# environment
XDG_MENU_PREFIX = xfce-
# environment
GDMSESSION = xubuntu
# environment
SNAP_LIBRARY_PATH = /var/lib/snapd/lib/gl:/var/lib/snapd/lib/gl32:/var/lib/snapd/void
# makefile (from 'Makefile', line 18)
WRNGS = -Wall -Wextra -O2
# variable set hash-table stats:
# Load=140/1024=14%, Rehash=0, Collisions=32/203=16%

# Pattern-specific Variable Values

# No pattern-specific variable values.

# Directories

# src (device 2066, inode 3784813): 15 files, no impossibilities.
# . (device 2066, inode 3784792): 20 files, no impossibilities.

# 35 files, no impossibilities in 2 directories.

# Implicit Rules

build/%.o: %.c
#  recipe to execute (from 'Makefile', line 41):
	@mkdir -p build
	@echo "[BUILD] $<"
	@$(BUILD)

build/%.o: src/%.S
#  recipe to execute (from 'Makefile', line 47):
	@mkdir -p build
	@echo "[BUILD] $<"
	@$(BUILD)

build/%.o: src/%.c
#  recipe to execute (from 'Makefile', line 52):
	@mkdir -p build
	@echo "[BUILD] $<"
	@$(BUILD)

# 3 implicit rules, 0 (0.0%) terminal.
# Files

# Not a target:
src/stdlib.c:
#  Implicit rule search has been done.
#  Last modified 2022-03-09 11:09:07.505378248
#  File has been updated.
#  Successfully updated.

build/c_rom.bin: build/c_rom.elf
#  Implicit rule search has not been done.
#  Last modified 2022-03-09 11:43:52.0456242
#  File has been updated.
#  Successfully updated.
#  recipe to execute (from 'Makefile', line 61):
	@echo "[COPY] $@"
	@$(OBJC) $< $@ -O binary

build/sprite.o: src/sprite.c
#  Implicit rule search has been done.
#  Implicit/static pattern stem: 'sprite'
#  Last modified 2022-03-09 11:40:48.202282728
#  File has been updated.
#  Successfully updated.
#  recipe to execute (from 'Makefile', line 52):
	@mkdir -p build
	@echo "[BUILD] $<"
	@$(BUILD)

# Not a target:
Makefile:
#  Implicit rule search has been done.
#  Last modified 2022-03-08 10:23:46.15519296
#  File has been updated.
#  Successfully updated.

build/entry.o: src/entry.S
#  Implicit rule search has been done.
#  Implicit/static pattern stem: 'entry'
#  Last modified 2022-03-08 10:04:18.253207109
#  File has been updated.
#  Successfully updated.
#  recipe to execute (from 'Makefile', line 47):
	@mkdir -p build
	@echo "[BUILD] $<"
	@$(BUILD)

# Not a target:
src/vi.c:
#  Implicit rule search has been done.
#  Last modified 2022-03-04 17:58:17.216553775
#  File has been updated.
#  Successfully updated.

build/vector.o: src/vector.c
#  Implicit rule search has been done.
#  Implicit/static pattern stem: 'vector'
#  Last modified 2022-03-08 10:04:18.249207032
#  File has been updated.
#  Successfully updated.
#  recipe to execute (from 'Makefile', line 52):
	@mkdir -p build
	@echo "[BUILD] $<"
	@$(BUILD)

build/rdp.o: src/rdp.c
#  Implicit rule search has been done.
#  Implicit/static pattern stem: 'rdp'
#  Last modified 2022-03-09 11:33:22.078415915
#  File has been updated.
#  Successfully updated.
#  recipe to execute (from 'Makefile', line 52):
	@mkdir -p build
	@echo "[BUILD] $<"
	@$(BUILD)

# Not a target:
src/rdp.c:
#  Implicit rule search has been done.
#  Last modified 2022-03-09 11:33:04.826122046
#  File has been updated.
#  Successfully updated.

clean:
#  Implicit rule search has not been done.
#  Modification time never checked.
#  File has not been updated.
#  recipe to execute (from 'Makefile', line 70):
	rm -f $(BDIR)/*.bin $(BDIR)/*.o *.z64 $(BDIR)/*.elf *.map 

build/pi.o: src/pi.c
#  Implicit rule search has been done.
#  Implicit/static pattern stem: 'pi'
#  Last modified 2022-03-08 10:04:18.089203972
#  File has been updated.
#  Successfully updated.
#  recipe to execute (from 'Makefile', line 52):
	@mkdir -p build
	@echo "[BUILD] $<"
	@$(BUILD)

build/interrupt.o: src/interrupt.c
#  Implicit rule search has been done.
#  Implicit/static pattern stem: 'interrupt'
#  Last modified 2022-03-08 10:08:30.614023231
#  File has been updated.
#  Successfully updated.
#  recipe to execute (from 'Makefile', line 52):
	@mkdir -p build
	@echo "[BUILD] $<"
	@$(BUILD)

# Not a target:
src/sprite.c:
#  Implicit rule search has been done.
#  Last modified 2022-03-09 11:37:25.402652962
#  File has been updated.
#  Successfully updated.

build/timer.o: src/timer.c
#  Implicit rule search has been done.
#  Implicit/static pattern stem: 'timer'
#  Last modified 2022-03-09 11:41:16.166788342
#  File has been updated.
#  Successfully updated.
#  recipe to execute (from 'Makefile', line 52):
	@mkdir -p build
	@echo "[BUILD] $<"
	@$(BUILD)

# Not a target:
src/entry.S:
#  Implicit rule search has been done.
#  Last modified 2022-02-25 17:28:02.251890495
#  File has been updated.
#  Successfully updated.

# Not a target:
src/vector.c:
#  Implicit rule search has been done.
#  Last modified 2022-03-06 15:58:59.567345792
#  File has been updated.
#  Successfully updated.

build/vi.o: src/vi.c
#  Implicit rule search has been done.
#  Implicit/static pattern stem: 'vi'
#  Last modified 2022-03-08 10:04:18.181205732
#  File has been updated.
#  Successfully updated.
#  recipe to execute (from 'Makefile', line 52):
	@mkdir -p build
	@echo "[BUILD] $<"
	@$(BUILD)

# Not a target:
.DEFAULT:
#  Implicit rule search has not been done.
#  Modification time never checked.
#  File has not been updated.

all: src/controller.c src/interrupt.c src/mempak.c src/pi.c src/rdp.c src/si.c src/sprite.c src/stdlib.c src/timer.c src/vector.c src/vi.c src/entry.S build/c_rom.elf build/c_rom.bin c_rom.z64
#  Command line target.
#  Implicit rule search has been done.
#  File does not exist.
#  File has been updated.
#  Successfully updated.

# Not a target:
src/si.c:
#  Implicit rule search has been done.
#  Last modified 2022-03-08 10:05:23.154447668
#  File has been updated.
#  Successfully updated.

# Not a target:
main.c:
#  Implicit rule search has been done.
#  Last modified 2022-03-09 11:43:51.777619301
#  File has been updated.
#  Successfully updated.

build/si.o: src/si.c
#  Implicit rule search has been done.
#  Implicit/static pattern stem: 'si'
#  Last modified 2022-03-08 10:05:39.742764503
#  File has been updated.
#  Successfully updated.
#  recipe to execute (from 'Makefile', line 52):
	@mkdir -p build
	@echo "[BUILD] $<"
	@$(BUILD)

build/stdlib.o: src/stdlib.c
#  Implicit rule search has been done.
#  Implicit/static pattern stem: 'stdlib'
#  Last modified 2022-03-09 11:09:07.913386028
#  File has been updated.
#  Successfully updated.
#  recipe to execute (from 'Makefile', line 52):
	@mkdir -p build
	@echo "[BUILD] $<"
	@$(BUILD)

# Not a target:
src/controller.c:
#  Implicit rule search has been done.
#  Last modified 2022-03-08 10:02:27.163079698
#  File has been updated.
#  Successfully updated.

build/controller.o: src/controller.c
#  Implicit rule search has been done.
#  Implicit/static pattern stem: 'controller'
#  Last modified 2022-03-08 10:04:18.365209251
#  File has been updated.
#  Successfully updated.
#  recipe to execute (from 'Makefile', line 52):
	@mkdir -p build
	@echo "[BUILD] $<"
	@$(BUILD)

# Not a target:
src/mempak.c:
#  Implicit rule search has been done.
#  Last modified 2022-03-06 15:58:50.523208683
#  File has been updated.
#  Successfully updated.

# Not a target:
 
src/timer.c:
#  Implicit rule search has been done.
#  Last modified 2022-03-09 11:41:15.866782912
#  File has been updated.
#  Successfully updated.

# Not a target:
src/interrupt.c:
#  Implicit rule search has been done.
#  Last modified 2022-03-08 10:08:30.234015993
#  File has been updated.
#  Successfully updated.

build/mempak.o: src/mempak.c
#  Implicit rule search has been done.
#  Implicit/static pattern stem: 'mempak'
#  Last modified 2022-03-08 10:04:18.22920665
#  File has been updated.
#  Successfully updated.
#  recipe to execute (from 'Makefile', line 52):
	@mkdir -p build
	@echo "[BUILD] $<"
	@$(BUILD)

build/main.o: main.c
#  Implicit rule search has been done.
#  Implicit/static pattern stem: 'main'
#  Last modified 2022-03-09 11:43:52.037624053
#  File has been updated.
#  Successfully updated.
#  recipe to execute (from 'Makefile', line 41):
	@mkdir -p build
	@echo "[BUILD] $<"
	@$(BUILD)

# Not a target:
src/pi.c:
#  Implicit rule search has been done.
#  Last modified 2022-03-06 16:03:11.235270831
#  File has been updated.
#  Successfully updated.

c_rom.z64: build/c_rom.bin
#  Implicit rule search has not been done.
#  Last modified 2022-03-09 11:43:52.053624345
#  File has been updated.
#  Successfully updated.
#  recipe to execute (from 'Makefile', line 65):
	@echo "[ROM] $@"
	@$(N64_TOOL) -l $(ROM_SIZE) -t "$(ROM_NAME)" -h $(ROM_HEADER) -o $@ $< $(N64TOOL_ARGS) 
	@$(CHKSUM) $@
	

build/c_rom.elf: build/main.o build/timer.o build/stdlib.o build/pi.o build/sprite.o build/vi.o build/si.o build/mempak.o build/vector.o build/sprite.o build/entry.o build/rdp.o build/interrupt.o build/controller.o
#  Implicit rule search has not been done.
#  Last modified 2022-03-09 11:43:52.0456242
#  File has been updated.
#  Successfully updated.
#  recipe to execute (from 'Makefile', line 57):
	@echo "[LINK] $@"
	@$(CXX) -o $@ $(LIBS) -Tinclude/n64.ld $(BDIR)/*.o -Wl,--wrap __do_global_ctors -Wl,--gc-sections -Wl,-Map=main.map

# files hash-table stats:
# Load=34/1024=3%, Rehash=0, Collisions=3/141=2%
# VPATH Search Paths

# No 'vpath' search paths.

# No general ('VPATH' variable) search path.

# strcache buffers: 1 (0) / strings = 95 / storage = 945 B / avg = 9 B
# current buf: size = 8162 B / used = 945 B / count = 95 / avg = 9 B

# strcache performance: lookups = 154 / hit rate = 38%
# hash-table stats:
# Load=95/8192=1%, Rehash=0, Collisions=1/154=1%
# Finished Make data base on Wed Mar  9 11:48:28 2022

 
